<?xml version="1.0" encoding="UTF-8"?>
<testsuite xmlns:xsi="http://www.w3.org/2001/XMLSchema-instance" xsi:noNamespaceSchemaLocation="https://maven.apache.org/surefire/maven-surefire-plugin/xsd/surefire-test-report.xsd" name="com.apress.demo.SpringbootMvcRestDemoApplicationTest" time="3.892" tests="4" errors="0" skipped="0" failures="0">
  <properties>
    <property name="sun.desktop" value="windows"/>
    <property name="awt.toolkit" value="sun.awt.windows.WToolkit"/>
    <property name="file.encoding.pkg" value="sun.io"/>
    <property name="java.specification.version" value="1.8"/>
    <property name="sun.cpu.isalist" value="amd64"/>
    <property name="sun.jnu.encoding" value="Cp1252"/>
    <property name="java.class.path" value="C:\Users\chenwang2017\git\elasticsearch-poc\springboot-mvc-rest-demo\target\test-classes;C:\Users\chenwang2017\git\elasticsearch-poc\springboot-mvc-rest-demo\target\classes;C:\Users\chenwang2017\.m2\repository\org\springframework\boot\spring-boot-starter-web\2.0.0.BUILD-SNAPSHOT\spring-boot-starter-web-2.0.0.BUILD-SNAPSHOT.jar;C:\Users\chenwang2017\.m2\repository\org\springframework\boot\spring-boot-starter-json\2.0.0.BUILD-SNAPSHOT\spring-boot-starter-json-2.0.0.BUILD-SNAPSHOT.jar;C:\Users\chenwang2017\.m2\repository\com\fasterxml\jackson\core\jackson-databind\2.9.4\jackson-databind-2.9.4.jar;C:\Users\chenwang2017\.m2\repository\com\fasterxml\jackson\datatype\jackson-datatype-jdk8\2.9.4\jackson-datatype-jdk8-2.9.4.jar;C:\Users\chenwang2017\.m2\repository\com\fasterxml\jackson\datatype\jackson-datatype-jsr310\2.9.4\jackson-datatype-jsr310-2.9.4.jar;C:\Users\chenwang2017\.m2\repository\com\fasterxml\jackson\module\jackson-module-parameter-names\2.9.4\jackson-module-parameter-names-2.9.4.jar;C:\Users\chenwang2017\.m2\repository\org\springframework\boot\spring-boot-starter-tomcat\2.0.0.BUILD-SNAPSHOT\spring-boot-starter-tomcat-2.0.0.BUILD-SNAPSHOT.jar;C:\Users\chenwang2017\.m2\repository\org\apache\tomcat\embed\tomcat-embed-core\8.5.28\tomcat-embed-core-8.5.28.jar;C:\Users\chenwang2017\.m2\repository\org\apache\tomcat\embed\tomcat-embed-el\8.5.28\tomcat-embed-el-8.5.28.jar;C:\Users\chenwang2017\.m2\repository\org\apache\tomcat\embed\tomcat-embed-websocket\8.5.28\tomcat-embed-websocket-8.5.28.jar;C:\Users\chenwang2017\.m2\repository\org\hibernate\validator\hibernate-validator\6.0.7.Final\hibernate-validator-6.0.7.Final.jar;C:\Users\chenwang2017\.m2\repository\javax\validation\validation-api\2.0.1.Final\validation-api-2.0.1.Final.jar;C:\Users\chenwang2017\.m2\repository\org\jboss\logging\jboss-logging\3.3.2.Final\jboss-logging-3.3.2.Final.jar;C:\Users\chenwang2017\.m2\repository\org\springframework\spring-web\5.0.4.RELEASE\spring-web-5.0.4.RELEASE.jar;C:\Users\chenwang2017\.m2\repository\org\springframework\spring-beans\5.0.4.RELEASE\spring-beans-5.0.4.RELEASE.jar;C:\Users\chenwang2017\.m2\repository\org\springframework\spring-webmvc\5.0.4.RELEASE\spring-webmvc-5.0.4.RELEASE.jar;C:\Users\chenwang2017\.m2\repository\org\springframework\spring-aop\5.0.4.RELEASE\spring-aop-5.0.4.RELEASE.jar;C:\Users\chenwang2017\.m2\repository\org\springframework\spring-context\5.0.4.RELEASE\spring-context-5.0.4.RELEASE.jar;C:\Users\chenwang2017\.m2\repository\org\springframework\spring-expression\5.0.4.RELEASE\spring-expression-5.0.4.RELEASE.jar;C:\Users\chenwang2017\.m2\repository\org\springframework\boot\spring-boot-starter\2.0.0.BUILD-SNAPSHOT\spring-boot-starter-2.0.0.BUILD-SNAPSHOT.jar;C:\Users\chenwang2017\.m2\repository\org\springframework\boot\spring-boot\2.0.0.BUILD-SNAPSHOT\spring-boot-2.0.0.BUILD-SNAPSHOT.jar;C:\Users\chenwang2017\.m2\repository\org\springframework\boot\spring-boot-autoconfigure\2.0.0.BUILD-SNAPSHOT\spring-boot-autoconfigure-2.0.0.BUILD-SNAPSHOT.jar;C:\Users\chenwang2017\.m2\repository\org\springframework\boot\spring-boot-starter-logging\2.0.0.BUILD-SNAPSHOT\spring-boot-starter-logging-2.0.0.BUILD-SNAPSHOT.jar;C:\Users\chenwang2017\.m2\repository\ch\qos\logback\logback-classic\1.2.3\logback-classic-1.2.3.jar;C:\Users\chenwang2017\.m2\repository\ch\qos\logback\logback-core\1.2.3\logback-core-1.2.3.jar;C:\Users\chenwang2017\.m2\repository\org\apache\logging\log4j\log4j-to-slf4j\2.10.0\log4j-to-slf4j-2.10.0.jar;C:\Users\chenwang2017\.m2\repository\org\slf4j\jul-to-slf4j\1.7.25\jul-to-slf4j-1.7.25.jar;C:\Users\chenwang2017\.m2\repository\javax\annotation\javax.annotation-api\1.3.2\javax.annotation-api-1.3.2.jar;C:\Users\chenwang2017\.m2\repository\org\springframework\spring-core\5.0.4.RELEASE\spring-core-5.0.4.RELEASE.jar;C:\Users\chenwang2017\.m2\repository\org\springframework\spring-jcl\5.0.4.RELEASE\spring-jcl-5.0.4.RELEASE.jar;C:\Users\chenwang2017\.m2\repository\org\yaml\snakeyaml\1.19\snakeyaml-1.19.jar;C:\Users\chenwang2017\.m2\repository\org\springframework\boot\spring-boot-starter-data-jpa\2.0.0.BUILD-SNAPSHOT\spring-boot-starter-data-jpa-2.0.0.BUILD-SNAPSHOT.jar;C:\Users\chenwang2017\.m2\repository\org\springframework\boot\spring-boot-starter-aop\2.0.0.BUILD-SNAPSHOT\spring-boot-starter-aop-2.0.0.BUILD-SNAPSHOT.jar;C:\Users\chenwang2017\.m2\repository\org\aspectj\aspectjweaver\1.8.13\aspectjweaver-1.8.13.jar;C:\Users\chenwang2017\.m2\repository\org\springframework\boot\spring-boot-starter-jdbc\2.0.0.BUILD-SNAPSHOT\spring-boot-starter-jdbc-2.0.0.BUILD-SNAPSHOT.jar;C:\Users\chenwang2017\.m2\repository\com\zaxxer\HikariCP\2.7.8\HikariCP-2.7.8.jar;C:\Users\chenwang2017\.m2\repository\org\springframework\spring-jdbc\5.0.4.RELEASE\spring-jdbc-5.0.4.RELEASE.jar;C:\Users\chenwang2017\.m2\repository\org\hibernate\hibernate-core\5.2.14.Final\hibernate-core-5.2.14.Final.jar;C:\Users\chenwang2017\.m2\repository\org\hibernate\javax\persistence\hibernate-jpa-2.1-api\1.0.0.Final\hibernate-jpa-2.1-api-1.0.0.Final.jar;C:\Users\chenwang2017\.m2\repository\org\javassist\javassist\3.22.0-GA\javassist-3.22.0-GA.jar;C:\Users\chenwang2017\.m2\repository\antlr\antlr\2.7.7\antlr-2.7.7.jar;C:\Users\chenwang2017\.m2\repository\org\jboss\jandex\2.0.3.Final\jandex-2.0.3.Final.jar;C:\Users\chenwang2017\.m2\repository\dom4j\dom4j\1.6.1\dom4j-1.6.1.jar;C:\Users\chenwang2017\.m2\repository\org\hibernate\common\hibernate-commons-annotations\5.0.1.Final\hibernate-commons-annotations-5.0.1.Final.jar;C:\Users\chenwang2017\.m2\repository\javax\transaction\javax.transaction-api\1.2\javax.transaction-api-1.2.jar;C:\Users\chenwang2017\.m2\repository\org\springframework\data\spring-data-jpa\2.0.5.RELEASE\spring-data-jpa-2.0.5.RELEASE.jar;C:\Users\chenwang2017\.m2\repository\org\springframework\data\spring-data-commons\2.0.5.RELEASE\spring-data-commons-2.0.5.RELEASE.jar;C:\Users\chenwang2017\.m2\repository\org\springframework\spring-orm\5.0.4.RELEASE\spring-orm-5.0.4.RELEASE.jar;C:\Users\chenwang2017\.m2\repository\org\springframework\spring-tx\5.0.4.RELEASE\spring-tx-5.0.4.RELEASE.jar;C:\Users\chenwang2017\.m2\repository\org\springframework\spring-aspects\5.0.4.RELEASE\spring-aspects-5.0.4.RELEASE.jar;C:\Users\chenwang2017\.m2\repository\org\springframework\boot\spring-boot-starter-test\2.0.0.BUILD-SNAPSHOT\spring-boot-starter-test-2.0.0.BUILD-SNAPSHOT.jar;C:\Users\chenwang2017\.m2\repository\org\springframework\boot\spring-boot-test\2.0.0.BUILD-SNAPSHOT\spring-boot-test-2.0.0.BUILD-SNAPSHOT.jar;C:\Users\chenwang2017\.m2\repository\org\springframework\boot\spring-boot-test-autoconfigure\2.0.0.BUILD-SNAPSHOT\spring-boot-test-autoconfigure-2.0.0.BUILD-SNAPSHOT.jar;C:\Users\chenwang2017\.m2\repository\com\jayway\jsonpath\json-path\2.4.0\json-path-2.4.0.jar;C:\Users\chenwang2017\.m2\repository\net\minidev\json-smart\2.3\json-smart-2.3.jar;C:\Users\chenwang2017\.m2\repository\net\minidev\accessors-smart\1.2\accessors-smart-1.2.jar;C:\Users\chenwang2017\.m2\repository\org\ow2\asm\asm\5.0.4\asm-5.0.4.jar;C:\Users\chenwang2017\.m2\repository\junit\junit\4.12\junit-4.12.jar;C:\Users\chenwang2017\.m2\repository\org\assertj\assertj-core\3.9.1\assertj-core-3.9.1.jar;C:\Users\chenwang2017\.m2\repository\org\mockito\mockito-core\2.15.0\mockito-core-2.15.0.jar;C:\Users\chenwang2017\.m2\repository\net\bytebuddy\byte-buddy\1.7.10\byte-buddy-1.7.10.jar;C:\Users\chenwang2017\.m2\repository\net\bytebuddy\byte-buddy-agent\1.7.10\byte-buddy-agent-1.7.10.jar;C:\Users\chenwang2017\.m2\repository\org\objenesis\objenesis\2.6\objenesis-2.6.jar;C:\Users\chenwang2017\.m2\repository\org\hamcrest\hamcrest-core\1.3\hamcrest-core-1.3.jar;C:\Users\chenwang2017\.m2\repository\org\hamcrest\hamcrest-library\1.3\hamcrest-library-1.3.jar;C:\Users\chenwang2017\.m2\repository\org\skyscreamer\jsonassert\1.5.0\jsonassert-1.5.0.jar;C:\Users\chenwang2017\.m2\repository\com\vaadin\external\google\android-json\0.0.20131108.vaadin1\android-json-0.0.20131108.vaadin1.jar;C:\Users\chenwang2017\.m2\repository\org\springframework\spring-test\5.0.4.RELEASE\spring-test-5.0.4.RELEASE.jar;C:\Users\chenwang2017\.m2\repository\org\xmlunit\xmlunit-core\2.5.1\xmlunit-core-2.5.1.jar;C:\Users\chenwang2017\.m2\repository\org\springframework\boot\spring-boot-devtools\2.0.0.BUILD-SNAPSHOT\spring-boot-devtools-2.0.0.BUILD-SNAPSHOT.jar;C:\Users\chenwang2017\.m2\repository\com\h2database\h2\1.4.196\h2-1.4.196.jar;C:\Users\chenwang2017\.m2\repository\org\elasticsearch\elasticsearch\6.2.4\elasticsearch-6.2.4.jar;C:\Users\chenwang2017\.m2\repository\org\elasticsearch\elasticsearch-core\6.2.4\elasticsearch-core-6.2.4.jar;C:\Users\chenwang2017\.m2\repository\org\apache\lucene\lucene-core\7.2.1\lucene-core-7.2.1.jar;C:\Users\chenwang2017\.m2\repository\org\apache\lucene\lucene-analyzers-common\7.2.1\lucene-analyzers-common-7.2.1.jar;C:\Users\chenwang2017\.m2\repository\org\apache\lucene\lucene-backward-codecs\7.2.1\lucene-backward-codecs-7.2.1.jar;C:\Users\chenwang2017\.m2\repository\org\apache\lucene\lucene-grouping\7.2.1\lucene-grouping-7.2.1.jar;C:\Users\chenwang2017\.m2\repository\org\apache\lucene\lucene-highlighter\7.2.1\lucene-highlighter-7.2.1.jar;C:\Users\chenwang2017\.m2\repository\org\apache\lucene\lucene-join\7.2.1\lucene-join-7.2.1.jar;C:\Users\chenwang2017\.m2\repository\org\apache\lucene\lucene-memory\7.2.1\lucene-memory-7.2.1.jar;C:\Users\chenwang2017\.m2\repository\org\apache\lucene\lucene-misc\7.2.1\lucene-misc-7.2.1.jar;C:\Users\chenwang2017\.m2\repository\org\apache\lucene\lucene-queries\7.2.1\lucene-queries-7.2.1.jar;C:\Users\chenwang2017\.m2\repository\org\apache\lucene\lucene-queryparser\7.2.1\lucene-queryparser-7.2.1.jar;C:\Users\chenwang2017\.m2\repository\org\apache\lucene\lucene-sandbox\7.2.1\lucene-sandbox-7.2.1.jar;C:\Users\chenwang2017\.m2\repository\org\apache\lucene\lucene-spatial\7.2.1\lucene-spatial-7.2.1.jar;C:\Users\chenwang2017\.m2\repository\org\apache\lucene\lucene-spatial-extras\7.2.1\lucene-spatial-extras-7.2.1.jar;C:\Users\chenwang2017\.m2\repository\org\apache\lucene\lucene-spatial3d\7.2.1\lucene-spatial3d-7.2.1.jar;C:\Users\chenwang2017\.m2\repository\org\apache\lucene\lucene-suggest\7.2.1\lucene-suggest-7.2.1.jar;C:\Users\chenwang2017\.m2\repository\org\elasticsearch\securesm\1.2\securesm-1.2.jar;C:\Users\chenwang2017\.m2\repository\org\elasticsearch\elasticsearch-cli\6.2.4\elasticsearch-cli-6.2.4.jar;C:\Users\chenwang2017\.m2\repository\net\sf\jopt-simple\jopt-simple\5.0.2\jopt-simple-5.0.2.jar;C:\Users\chenwang2017\.m2\repository\com\carrotsearch\hppc\0.7.1\hppc-0.7.1.jar;C:\Users\chenwang2017\.m2\repository\joda-time\joda-time\2.9.9\joda-time-2.9.9.jar;C:\Users\chenwang2017\.m2\repository\com\fasterxml\jackson\core\jackson-core\2.9.4\jackson-core-2.9.4.jar;C:\Users\chenwang2017\.m2\repository\com\fasterxml\jackson\dataformat\jackson-dataformat-smile\2.9.4\jackson-dataformat-smile-2.9.4.jar;C:\Users\chenwang2017\.m2\repository\com\fasterxml\jackson\dataformat\jackson-dataformat-yaml\2.9.4\jackson-dataformat-yaml-2.9.4.jar;C:\Users\chenwang2017\.m2\repository\com\fasterxml\jackson\dataformat\jackson-dataformat-cbor\2.9.4\jackson-dataformat-cbor-2.9.4.jar;C:\Users\chenwang2017\.m2\repository\com\tdunning\t-digest\3.0\t-digest-3.0.jar;C:\Users\chenwang2017\.m2\repository\org\hdrhistogram\HdrHistogram\2.1.9\HdrHistogram-2.1.9.jar;C:\Users\chenwang2017\.m2\repository\org\apache\logging\log4j\log4j-api\2.10.0\log4j-api-2.10.0.jar;C:\Users\chenwang2017\.m2\repository\org\elasticsearch\jna\4.5.1\jna-4.5.1.jar;C:\Users\chenwang2017\.m2\repository\org\elasticsearch\client\transport\6.2.4\transport-6.2.4.jar;C:\Users\chenwang2017\.m2\repository\org\elasticsearch\plugin\reindex-client\6.2.4\reindex-client-6.2.4.jar;C:\Users\chenwang2017\.m2\repository\org\elasticsearch\plugin\lang-mustache-client\6.2.4\lang-mustache-client-6.2.4.jar;C:\Users\chenwang2017\.m2\repository\com\github\spullara\mustache\java\compiler\0.9.3\compiler-0.9.3.jar;C:\Users\chenwang2017\.m2\repository\org\elasticsearch\plugin\percolator-client\6.2.4\percolator-client-6.2.4.jar;C:\Users\chenwang2017\.m2\repository\org\elasticsearch\plugin\parent-join-client\6.2.4\parent-join-client-6.2.4.jar;C:\Users\chenwang2017\.m2\repository\org\elasticsearch\plugin\rank-eval-client\6.2.4\rank-eval-client-6.2.4.jar;C:\Users\chenwang2017\.m2\repository\org\elasticsearch\client\elasticsearch-rest-high-level-client\6.2.4\elasticsearch-rest-high-level-client-6.2.4.jar;C:\Users\chenwang2017\.m2\repository\org\elasticsearch\client\elasticsearch-rest-client\6.2.4\elasticsearch-rest-client-6.2.4.jar;C:\Users\chenwang2017\.m2\repository\org\apache\httpcomponents\httpasyncclient\4.1.3\httpasyncclient-4.1.3.jar;C:\Users\chenwang2017\.m2\repository\org\apache\httpcomponents\httpcore-nio\4.4.9\httpcore-nio-4.4.9.jar;C:\Users\chenwang2017\.m2\repository\org\elasticsearch\plugin\aggs-matrix-stats-client\6.2.4\aggs-matrix-stats-client-6.2.4.jar;C:\Users\chenwang2017\.m2\repository\org\elasticsearch\plugin\transport-netty4-client\6.2.4\transport-netty4-client-6.2.4.jar;C:\Users\chenwang2017\.m2\repository\io\netty\netty-buffer\4.1.22.Final\netty-buffer-4.1.22.Final.jar;C:\Users\chenwang2017\.m2\repository\io\netty\netty-codec\4.1.22.Final\netty-codec-4.1.22.Final.jar;C:\Users\chenwang2017\.m2\repository\io\netty\netty-codec-http\4.1.22.Final\netty-codec-http-4.1.22.Final.jar;C:\Users\chenwang2017\.m2\repository\io\netty\netty-common\4.1.22.Final\netty-common-4.1.22.Final.jar;C:\Users\chenwang2017\.m2\repository\io\netty\netty-handler\4.1.22.Final\netty-handler-4.1.22.Final.jar;C:\Users\chenwang2017\.m2\repository\io\netty\netty-resolver\4.1.22.Final\netty-resolver-4.1.22.Final.jar;C:\Users\chenwang2017\.m2\repository\io\netty\netty-transport\4.1.22.Final\netty-transport-4.1.22.Final.jar;C:\Users\chenwang2017\.m2\repository\org\locationtech\spatial4j\spatial4j\0.6\spatial4j-0.6.jar;C:\Users\chenwang2017\.m2\repository\com\vividsolutions\jts\1.13\jts-1.13.jar;C:\Users\chenwang2017\.m2\repository\org\apache\logging\log4j\log4j-core\2.10.0\log4j-core-2.10.0.jar;C:\Users\chenwang2017\.m2\repository\org\apache\lucene\lucene-test-framework\7.2.1\lucene-test-framework-7.2.1.jar;C:\Users\chenwang2017\.m2\repository\org\apache\lucene\lucene-codecs\7.2.1\lucene-codecs-7.2.1.jar;C:\Users\chenwang2017\.m2\repository\org\elasticsearch\test\framework\6.2.4\framework-6.2.4.jar;C:\Users\chenwang2017\.m2\repository\org\hamcrest\hamcrest-all\1.3\hamcrest-all-1.3.jar;C:\Users\chenwang2017\.m2\repository\org\apache\httpcomponents\httpclient\4.5.5\httpclient-4.5.5.jar;C:\Users\chenwang2017\.m2\repository\org\apache\httpcomponents\httpcore\4.4.9\httpcore-4.4.9.jar;C:\Users\chenwang2017\.m2\repository\commons-logging\commons-logging\1.1.3\commons-logging-1.1.3.jar;C:\Users\chenwang2017\.m2\repository\commons-codec\commons-codec\1.11\commons-codec-1.11.jar;C:\Users\chenwang2017\.m2\repository\org\elasticsearch\securemock\1.2\securemock-1.2.jar;C:\Users\chenwang2017\.m2\repository\org\elasticsearch\mocksocket\1.2\mocksocket-1.2.jar;C:\Users\chenwang2017\.m2\repository\org\testcontainers\testcontainers\1.7.2\testcontainers-1.7.2.jar;C:\Users\chenwang2017\.m2\repository\org\slf4j\slf4j-api\1.7.25\slf4j-api-1.7.25.jar;C:\Users\chenwang2017\.m2\repository\org\slf4j\slf4j-ext\1.7.25\slf4j-ext-1.7.25.jar;C:\Users\chenwang2017\.m2\repository\org\jetbrains\annotations\15.0\annotations-15.0.jar;C:\Users\chenwang2017\.m2\repository\com\google\code\findbugs\jsr305\3.0.2\jsr305-3.0.2.jar;C:\Users\chenwang2017\.m2\repository\org\apache\commons\commons-compress\1.15\commons-compress-1.15.jar;C:\Users\chenwang2017\.m2\repository\javax\xml\bind\jaxb-api\2.3.0\jaxb-api-2.3.0.jar;C:\Users\chenwang2017\.m2\repository\org\rnorth\duct-tape\duct-tape\1.0.7\duct-tape-1.0.7.jar;C:\Users\chenwang2017\.m2\repository\org\rnorth\visible-assertions\visible-assertions\2.1.0\visible-assertions-2.1.0.jar;C:\Users\chenwang2017\.m2\repository\net\java\dev\jna\jna\4.5.1\jna-4.5.1.jar;C:\Users\chenwang2017\.m2\repository\org\projectlombok\lombok\1.16.20\lombok-1.16.20.jar;C:\Users\chenwang2017\.m2\repository\com\google\code\gson\gson\2.8.2\gson-2.8.2.jar;C:\Users\chenwang2017\.m2\repository\io\springfox\springfox-swagger2\2.9.2\springfox-swagger2-2.9.2.jar;C:\Users\chenwang2017\.m2\repository\io\swagger\swagger-annotations\1.5.20\swagger-annotations-1.5.20.jar;C:\Users\chenwang2017\.m2\repository\io\swagger\swagger-models\1.5.20\swagger-models-1.5.20.jar;C:\Users\chenwang2017\.m2\repository\com\fasterxml\jackson\core\jackson-annotations\2.9.0\jackson-annotations-2.9.0.jar;C:\Users\chenwang2017\.m2\repository\io\springfox\springfox-spi\2.9.2\springfox-spi-2.9.2.jar;C:\Users\chenwang2017\.m2\repository\io\springfox\springfox-core\2.9.2\springfox-core-2.9.2.jar;C:\Users\chenwang2017\.m2\repository\io\springfox\springfox-schema\2.9.2\springfox-schema-2.9.2.jar;C:\Users\chenwang2017\.m2\repository\io\springfox\springfox-swagger-common\2.9.2\springfox-swagger-common-2.9.2.jar;C:\Users\chenwang2017\.m2\repository\io\springfox\springfox-spring-web\2.9.2\springfox-spring-web-2.9.2.jar;C:\Users\chenwang2017\.m2\repository\com\google\guava\guava\20.0\guava-20.0.jar;C:\Users\chenwang2017\.m2\repository\com\fasterxml\classmate\1.3.4\classmate-1.3.4.jar;C:\Users\chenwang2017\.m2\repository\org\springframework\plugin\spring-plugin-core\1.2.0.RELEASE\spring-plugin-core-1.2.0.RELEASE.jar;C:\Users\chenwang2017\.m2\repository\org\springframework\plugin\spring-plugin-metadata\1.2.0.RELEASE\spring-plugin-metadata-1.2.0.RELEASE.jar;C:\Users\chenwang2017\.m2\repository\org\mapstruct\mapstruct\1.2.0.Final\mapstruct-1.2.0.Final.jar;C:\Users\chenwang2017\.m2\repository\io\springfox\springfox-swagger-ui\2.9.2\springfox-swagger-ui-2.9.2.jar;"/>
    <property name="java.vm.vendor" value="Oracle Corporation"/>
    <property name="sun.arch.data.model" value="64"/>
    <property name="user.variant" value=""/>
    <property name="java.vendor.url" value="http://java.oracle.com/"/>
    <property name="user.timezone" value=""/>
    <property name="java.vm.specification.version" value="1.8"/>
    <property name="os.name" value="Windows 7"/>
    <property name="user.country" value="US"/>
    <property name="sun.java.launcher" value="SUN_STANDARD"/>
    <property name="sun.boot.library.path" value="C:\Program Files\Java\jdk1.8.0_131\jre\bin"/>
    <property name="sun.java.command" value="C:\Users\CHENWA~1\AppData\Local\Temp\surefire3747071138435779591\surefirebooter8623729944795390101.jar C:\Users\chenwang2017\AppData\Local\Temp\surefire3747071138435779591 2018-10-08T14-40-00_274-jvmRun1 surefire360149379597483172tmp surefire_03064063267398987322tmp"/>
    <property name="surefire.test.class.path" value="C:\Users\chenwang2017\git\elasticsearch-poc\springboot-mvc-rest-demo\target\test-classes;C:\Users\chenwang2017\git\elasticsearch-poc\springboot-mvc-rest-demo\target\classes;C:\Users\chenwang2017\.m2\repository\org\springframework\boot\spring-boot-starter-web\2.0.0.BUILD-SNAPSHOT\spring-boot-starter-web-2.0.0.BUILD-SNAPSHOT.jar;C:\Users\chenwang2017\.m2\repository\org\springframework\boot\spring-boot-starter-json\2.0.0.BUILD-SNAPSHOT\spring-boot-starter-json-2.0.0.BUILD-SNAPSHOT.jar;C:\Users\chenwang2017\.m2\repository\com\fasterxml\jackson\core\jackson-databind\2.9.4\jackson-databind-2.9.4.jar;C:\Users\chenwang2017\.m2\repository\com\fasterxml\jackson\datatype\jackson-datatype-jdk8\2.9.4\jackson-datatype-jdk8-2.9.4.jar;C:\Users\chenwang2017\.m2\repository\com\fasterxml\jackson\datatype\jackson-datatype-jsr310\2.9.4\jackson-datatype-jsr310-2.9.4.jar;C:\Users\chenwang2017\.m2\repository\com\fasterxml\jackson\module\jackson-module-parameter-names\2.9.4\jackson-module-parameter-names-2.9.4.jar;C:\Users\chenwang2017\.m2\repository\org\springframework\boot\spring-boot-starter-tomcat\2.0.0.BUILD-SNAPSHOT\spring-boot-starter-tomcat-2.0.0.BUILD-SNAPSHOT.jar;C:\Users\chenwang2017\.m2\repository\org\apache\tomcat\embed\tomcat-embed-core\8.5.28\tomcat-embed-core-8.5.28.jar;C:\Users\chenwang2017\.m2\repository\org\apache\tomcat\embed\tomcat-embed-el\8.5.28\tomcat-embed-el-8.5.28.jar;C:\Users\chenwang2017\.m2\repository\org\apache\tomcat\embed\tomcat-embed-websocket\8.5.28\tomcat-embed-websocket-8.5.28.jar;C:\Users\chenwang2017\.m2\repository\org\hibernate\validator\hibernate-validator\6.0.7.Final\hibernate-validator-6.0.7.Final.jar;C:\Users\chenwang2017\.m2\repository\javax\validation\validation-api\2.0.1.Final\validation-api-2.0.1.Final.jar;C:\Users\chenwang2017\.m2\repository\org\jboss\logging\jboss-logging\3.3.2.Final\jboss-logging-3.3.2.Final.jar;C:\Users\chenwang2017\.m2\repository\org\springframework\spring-web\5.0.4.RELEASE\spring-web-5.0.4.RELEASE.jar;C:\Users\chenwang2017\.m2\repository\org\springframework\spring-beans\5.0.4.RELEASE\spring-beans-5.0.4.RELEASE.jar;C:\Users\chenwang2017\.m2\repository\org\springframework\spring-webmvc\5.0.4.RELEASE\spring-webmvc-5.0.4.RELEASE.jar;C:\Users\chenwang2017\.m2\repository\org\springframework\spring-aop\5.0.4.RELEASE\spring-aop-5.0.4.RELEASE.jar;C:\Users\chenwang2017\.m2\repository\org\springframework\spring-context\5.0.4.RELEASE\spring-context-5.0.4.RELEASE.jar;C:\Users\chenwang2017\.m2\repository\org\springframework\spring-expression\5.0.4.RELEASE\spring-expression-5.0.4.RELEASE.jar;C:\Users\chenwang2017\.m2\repository\org\springframework\boot\spring-boot-starter\2.0.0.BUILD-SNAPSHOT\spring-boot-starter-2.0.0.BUILD-SNAPSHOT.jar;C:\Users\chenwang2017\.m2\repository\org\springframework\boot\spring-boot\2.0.0.BUILD-SNAPSHOT\spring-boot-2.0.0.BUILD-SNAPSHOT.jar;C:\Users\chenwang2017\.m2\repository\org\springframework\boot\spring-boot-autoconfigure\2.0.0.BUILD-SNAPSHOT\spring-boot-autoconfigure-2.0.0.BUILD-SNAPSHOT.jar;C:\Users\chenwang2017\.m2\repository\org\springframework\boot\spring-boot-starter-logging\2.0.0.BUILD-SNAPSHOT\spring-boot-starter-logging-2.0.0.BUILD-SNAPSHOT.jar;C:\Users\chenwang2017\.m2\repository\ch\qos\logback\logback-classic\1.2.3\logback-classic-1.2.3.jar;C:\Users\chenwang2017\.m2\repository\ch\qos\logback\logback-core\1.2.3\logback-core-1.2.3.jar;C:\Users\chenwang2017\.m2\repository\org\apache\logging\log4j\log4j-to-slf4j\2.10.0\log4j-to-slf4j-2.10.0.jar;C:\Users\chenwang2017\.m2\repository\org\slf4j\jul-to-slf4j\1.7.25\jul-to-slf4j-1.7.25.jar;C:\Users\chenwang2017\.m2\repository\javax\annotation\javax.annotation-api\1.3.2\javax.annotation-api-1.3.2.jar;C:\Users\chenwang2017\.m2\repository\org\springframework\spring-core\5.0.4.RELEASE\spring-core-5.0.4.RELEASE.jar;C:\Users\chenwang2017\.m2\repository\org\springframework\spring-jcl\5.0.4.RELEASE\spring-jcl-5.0.4.RELEASE.jar;C:\Users\chenwang2017\.m2\repository\org\yaml\snakeyaml\1.19\snakeyaml-1.19.jar;C:\Users\chenwang2017\.m2\repository\org\springframework\boot\spring-boot-starter-data-jpa\2.0.0.BUILD-SNAPSHOT\spring-boot-starter-data-jpa-2.0.0.BUILD-SNAPSHOT.jar;C:\Users\chenwang2017\.m2\repository\org\springframework\boot\spring-boot-starter-aop\2.0.0.BUILD-SNAPSHOT\spring-boot-starter-aop-2.0.0.BUILD-SNAPSHOT.jar;C:\Users\chenwang2017\.m2\repository\org\aspectj\aspectjweaver\1.8.13\aspectjweaver-1.8.13.jar;C:\Users\chenwang2017\.m2\repository\org\springframework\boot\spring-boot-starter-jdbc\2.0.0.BUILD-SNAPSHOT\spring-boot-starter-jdbc-2.0.0.BUILD-SNAPSHOT.jar;C:\Users\chenwang2017\.m2\repository\com\zaxxer\HikariCP\2.7.8\HikariCP-2.7.8.jar;C:\Users\chenwang2017\.m2\repository\org\springframework\spring-jdbc\5.0.4.RELEASE\spring-jdbc-5.0.4.RELEASE.jar;C:\Users\chenwang2017\.m2\repository\org\hibernate\hibernate-core\5.2.14.Final\hibernate-core-5.2.14.Final.jar;C:\Users\chenwang2017\.m2\repository\org\hibernate\javax\persistence\hibernate-jpa-2.1-api\1.0.0.Final\hibernate-jpa-2.1-api-1.0.0.Final.jar;C:\Users\chenwang2017\.m2\repository\org\javassist\javassist\3.22.0-GA\javassist-3.22.0-GA.jar;C:\Users\chenwang2017\.m2\repository\antlr\antlr\2.7.7\antlr-2.7.7.jar;C:\Users\chenwang2017\.m2\repository\org\jboss\jandex\2.0.3.Final\jandex-2.0.3.Final.jar;C:\Users\chenwang2017\.m2\repository\dom4j\dom4j\1.6.1\dom4j-1.6.1.jar;C:\Users\chenwang2017\.m2\repository\org\hibernate\common\hibernate-commons-annotations\5.0.1.Final\hibernate-commons-annotations-5.0.1.Final.jar;C:\Users\chenwang2017\.m2\repository\javax\transaction\javax.transaction-api\1.2\javax.transaction-api-1.2.jar;C:\Users\chenwang2017\.m2\repository\org\springframework\data\spring-data-jpa\2.0.5.RELEASE\spring-data-jpa-2.0.5.RELEASE.jar;C:\Users\chenwang2017\.m2\repository\org\springframework\data\spring-data-commons\2.0.5.RELEASE\spring-data-commons-2.0.5.RELEASE.jar;C:\Users\chenwang2017\.m2\repository\org\springframework\spring-orm\5.0.4.RELEASE\spring-orm-5.0.4.RELEASE.jar;C:\Users\chenwang2017\.m2\repository\org\springframework\spring-tx\5.0.4.RELEASE\spring-tx-5.0.4.RELEASE.jar;C:\Users\chenwang2017\.m2\repository\org\springframework\spring-aspects\5.0.4.RELEASE\spring-aspects-5.0.4.RELEASE.jar;C:\Users\chenwang2017\.m2\repository\org\springframework\boot\spring-boot-starter-test\2.0.0.BUILD-SNAPSHOT\spring-boot-starter-test-2.0.0.BUILD-SNAPSHOT.jar;C:\Users\chenwang2017\.m2\repository\org\springframework\boot\spring-boot-test\2.0.0.BUILD-SNAPSHOT\spring-boot-test-2.0.0.BUILD-SNAPSHOT.jar;C:\Users\chenwang2017\.m2\repository\org\springframework\boot\spring-boot-test-autoconfigure\2.0.0.BUILD-SNAPSHOT\spring-boot-test-autoconfigure-2.0.0.BUILD-SNAPSHOT.jar;C:\Users\chenwang2017\.m2\repository\com\jayway\jsonpath\json-path\2.4.0\json-path-2.4.0.jar;C:\Users\chenwang2017\.m2\repository\net\minidev\json-smart\2.3\json-smart-2.3.jar;C:\Users\chenwang2017\.m2\repository\net\minidev\accessors-smart\1.2\accessors-smart-1.2.jar;C:\Users\chenwang2017\.m2\repository\org\ow2\asm\asm\5.0.4\asm-5.0.4.jar;C:\Users\chenwang2017\.m2\repository\junit\junit\4.12\junit-4.12.jar;C:\Users\chenwang2017\.m2\repository\org\assertj\assertj-core\3.9.1\assertj-core-3.9.1.jar;C:\Users\chenwang2017\.m2\repository\org\mockito\mockito-core\2.15.0\mockito-core-2.15.0.jar;C:\Users\chenwang2017\.m2\repository\net\bytebuddy\byte-buddy\1.7.10\byte-buddy-1.7.10.jar;C:\Users\chenwang2017\.m2\repository\net\bytebuddy\byte-buddy-agent\1.7.10\byte-buddy-agent-1.7.10.jar;C:\Users\chenwang2017\.m2\repository\org\objenesis\objenesis\2.6\objenesis-2.6.jar;C:\Users\chenwang2017\.m2\repository\org\hamcrest\hamcrest-core\1.3\hamcrest-core-1.3.jar;C:\Users\chenwang2017\.m2\repository\org\hamcrest\hamcrest-library\1.3\hamcrest-library-1.3.jar;C:\Users\chenwang2017\.m2\repository\org\skyscreamer\jsonassert\1.5.0\jsonassert-1.5.0.jar;C:\Users\chenwang2017\.m2\repository\com\vaadin\external\google\android-json\0.0.20131108.vaadin1\android-json-0.0.20131108.vaadin1.jar;C:\Users\chenwang2017\.m2\repository\org\springframework\spring-test\5.0.4.RELEASE\spring-test-5.0.4.RELEASE.jar;C:\Users\chenwang2017\.m2\repository\org\xmlunit\xmlunit-core\2.5.1\xmlunit-core-2.5.1.jar;C:\Users\chenwang2017\.m2\repository\org\springframework\boot\spring-boot-devtools\2.0.0.BUILD-SNAPSHOT\spring-boot-devtools-2.0.0.BUILD-SNAPSHOT.jar;C:\Users\chenwang2017\.m2\repository\com\h2database\h2\1.4.196\h2-1.4.196.jar;C:\Users\chenwang2017\.m2\repository\org\elasticsearch\elasticsearch\6.2.4\elasticsearch-6.2.4.jar;C:\Users\chenwang2017\.m2\repository\org\elasticsearch\elasticsearch-core\6.2.4\elasticsearch-core-6.2.4.jar;C:\Users\chenwang2017\.m2\repository\org\apache\lucene\lucene-core\7.2.1\lucene-core-7.2.1.jar;C:\Users\chenwang2017\.m2\repository\org\apache\lucene\lucene-analyzers-common\7.2.1\lucene-analyzers-common-7.2.1.jar;C:\Users\chenwang2017\.m2\repository\org\apache\lucene\lucene-backward-codecs\7.2.1\lucene-backward-codecs-7.2.1.jar;C:\Users\chenwang2017\.m2\repository\org\apache\lucene\lucene-grouping\7.2.1\lucene-grouping-7.2.1.jar;C:\Users\chenwang2017\.m2\repository\org\apache\lucene\lucene-highlighter\7.2.1\lucene-highlighter-7.2.1.jar;C:\Users\chenwang2017\.m2\repository\org\apache\lucene\lucene-join\7.2.1\lucene-join-7.2.1.jar;C:\Users\chenwang2017\.m2\repository\org\apache\lucene\lucene-memory\7.2.1\lucene-memory-7.2.1.jar;C:\Users\chenwang2017\.m2\repository\org\apache\lucene\lucene-misc\7.2.1\lucene-misc-7.2.1.jar;C:\Users\chenwang2017\.m2\repository\org\apache\lucene\lucene-queries\7.2.1\lucene-queries-7.2.1.jar;C:\Users\chenwang2017\.m2\repository\org\apache\lucene\lucene-queryparser\7.2.1\lucene-queryparser-7.2.1.jar;C:\Users\chenwang2017\.m2\repository\org\apache\lucene\lucene-sandbox\7.2.1\lucene-sandbox-7.2.1.jar;C:\Users\chenwang2017\.m2\repository\org\apache\lucene\lucene-spatial\7.2.1\lucene-spatial-7.2.1.jar;C:\Users\chenwang2017\.m2\repository\org\apache\lucene\lucene-spatial-extras\7.2.1\lucene-spatial-extras-7.2.1.jar;C:\Users\chenwang2017\.m2\repository\org\apache\lucene\lucene-spatial3d\7.2.1\lucene-spatial3d-7.2.1.jar;C:\Users\chenwang2017\.m2\repository\org\apache\lucene\lucene-suggest\7.2.1\lucene-suggest-7.2.1.jar;C:\Users\chenwang2017\.m2\repository\org\elasticsearch\securesm\1.2\securesm-1.2.jar;C:\Users\chenwang2017\.m2\repository\org\elasticsearch\elasticsearch-cli\6.2.4\elasticsearch-cli-6.2.4.jar;C:\Users\chenwang2017\.m2\repository\net\sf\jopt-simple\jopt-simple\5.0.2\jopt-simple-5.0.2.jar;C:\Users\chenwang2017\.m2\repository\com\carrotsearch\hppc\0.7.1\hppc-0.7.1.jar;C:\Users\chenwang2017\.m2\repository\joda-time\joda-time\2.9.9\joda-time-2.9.9.jar;C:\Users\chenwang2017\.m2\repository\com\fasterxml\jackson\core\jackson-core\2.9.4\jackson-core-2.9.4.jar;C:\Users\chenwang2017\.m2\repository\com\fasterxml\jackson\dataformat\jackson-dataformat-smile\2.9.4\jackson-dataformat-smile-2.9.4.jar;C:\Users\chenwang2017\.m2\repository\com\fasterxml\jackson\dataformat\jackson-dataformat-yaml\2.9.4\jackson-dataformat-yaml-2.9.4.jar;C:\Users\chenwang2017\.m2\repository\com\fasterxml\jackson\dataformat\jackson-dataformat-cbor\2.9.4\jackson-dataformat-cbor-2.9.4.jar;C:\Users\chenwang2017\.m2\repository\com\tdunning\t-digest\3.0\t-digest-3.0.jar;C:\Users\chenwang2017\.m2\repository\org\hdrhistogram\HdrHistogram\2.1.9\HdrHistogram-2.1.9.jar;C:\Users\chenwang2017\.m2\repository\org\apache\logging\log4j\log4j-api\2.10.0\log4j-api-2.10.0.jar;C:\Users\chenwang2017\.m2\repository\org\elasticsearch\jna\4.5.1\jna-4.5.1.jar;C:\Users\chenwang2017\.m2\repository\org\elasticsearch\client\transport\6.2.4\transport-6.2.4.jar;C:\Users\chenwang2017\.m2\repository\org\elasticsearch\plugin\reindex-client\6.2.4\reindex-client-6.2.4.jar;C:\Users\chenwang2017\.m2\repository\org\elasticsearch\plugin\lang-mustache-client\6.2.4\lang-mustache-client-6.2.4.jar;C:\Users\chenwang2017\.m2\repository\com\github\spullara\mustache\java\compiler\0.9.3\compiler-0.9.3.jar;C:\Users\chenwang2017\.m2\repository\org\elasticsearch\plugin\percolator-client\6.2.4\percolator-client-6.2.4.jar;C:\Users\chenwang2017\.m2\repository\org\elasticsearch\plugin\parent-join-client\6.2.4\parent-join-client-6.2.4.jar;C:\Users\chenwang2017\.m2\repository\org\elasticsearch\plugin\rank-eval-client\6.2.4\rank-eval-client-6.2.4.jar;C:\Users\chenwang2017\.m2\repository\org\elasticsearch\client\elasticsearch-rest-high-level-client\6.2.4\elasticsearch-rest-high-level-client-6.2.4.jar;C:\Users\chenwang2017\.m2\repository\org\elasticsearch\client\elasticsearch-rest-client\6.2.4\elasticsearch-rest-client-6.2.4.jar;C:\Users\chenwang2017\.m2\repository\org\apache\httpcomponents\httpasyncclient\4.1.3\httpasyncclient-4.1.3.jar;C:\Users\chenwang2017\.m2\repository\org\apache\httpcomponents\httpcore-nio\4.4.9\httpcore-nio-4.4.9.jar;C:\Users\chenwang2017\.m2\repository\org\elasticsearch\plugin\aggs-matrix-stats-client\6.2.4\aggs-matrix-stats-client-6.2.4.jar;C:\Users\chenwang2017\.m2\repository\org\elasticsearch\plugin\transport-netty4-client\6.2.4\transport-netty4-client-6.2.4.jar;C:\Users\chenwang2017\.m2\repository\io\netty\netty-buffer\4.1.22.Final\netty-buffer-4.1.22.Final.jar;C:\Users\chenwang2017\.m2\repository\io\netty\netty-codec\4.1.22.Final\netty-codec-4.1.22.Final.jar;C:\Users\chenwang2017\.m2\repository\io\netty\netty-codec-http\4.1.22.Final\netty-codec-http-4.1.22.Final.jar;C:\Users\chenwang2017\.m2\repository\io\netty\netty-common\4.1.22.Final\netty-common-4.1.22.Final.jar;C:\Users\chenwang2017\.m2\repository\io\netty\netty-handler\4.1.22.Final\netty-handler-4.1.22.Final.jar;C:\Users\chenwang2017\.m2\repository\io\netty\netty-resolver\4.1.22.Final\netty-resolver-4.1.22.Final.jar;C:\Users\chenwang2017\.m2\repository\io\netty\netty-transport\4.1.22.Final\netty-transport-4.1.22.Final.jar;C:\Users\chenwang2017\.m2\repository\org\locationtech\spatial4j\spatial4j\0.6\spatial4j-0.6.jar;C:\Users\chenwang2017\.m2\repository\com\vividsolutions\jts\1.13\jts-1.13.jar;C:\Users\chenwang2017\.m2\repository\org\apache\logging\log4j\log4j-core\2.10.0\log4j-core-2.10.0.jar;C:\Users\chenwang2017\.m2\repository\org\apache\lucene\lucene-test-framework\7.2.1\lucene-test-framework-7.2.1.jar;C:\Users\chenwang2017\.m2\repository\org\apache\lucene\lucene-codecs\7.2.1\lucene-codecs-7.2.1.jar;C:\Users\chenwang2017\.m2\repository\org\elasticsearch\test\framework\6.2.4\framework-6.2.4.jar;C:\Users\chenwang2017\.m2\repository\org\hamcrest\hamcrest-all\1.3\hamcrest-all-1.3.jar;C:\Users\chenwang2017\.m2\repository\org\apache\httpcomponents\httpclient\4.5.5\httpclient-4.5.5.jar;C:\Users\chenwang2017\.m2\repository\org\apache\httpcomponents\httpcore\4.4.9\httpcore-4.4.9.jar;C:\Users\chenwang2017\.m2\repository\commons-logging\commons-logging\1.1.3\commons-logging-1.1.3.jar;C:\Users\chenwang2017\.m2\repository\commons-codec\commons-codec\1.11\commons-codec-1.11.jar;C:\Users\chenwang2017\.m2\repository\org\elasticsearch\securemock\1.2\securemock-1.2.jar;C:\Users\chenwang2017\.m2\repository\org\elasticsearch\mocksocket\1.2\mocksocket-1.2.jar;C:\Users\chenwang2017\.m2\repository\org\testcontainers\testcontainers\1.7.2\testcontainers-1.7.2.jar;C:\Users\chenwang2017\.m2\repository\org\slf4j\slf4j-api\1.7.25\slf4j-api-1.7.25.jar;C:\Users\chenwang2017\.m2\repository\org\slf4j\slf4j-ext\1.7.25\slf4j-ext-1.7.25.jar;C:\Users\chenwang2017\.m2\repository\org\jetbrains\annotations\15.0\annotations-15.0.jar;C:\Users\chenwang2017\.m2\repository\com\google\code\findbugs\jsr305\3.0.2\jsr305-3.0.2.jar;C:\Users\chenwang2017\.m2\repository\org\apache\commons\commons-compress\1.15\commons-compress-1.15.jar;C:\Users\chenwang2017\.m2\repository\javax\xml\bind\jaxb-api\2.3.0\jaxb-api-2.3.0.jar;C:\Users\chenwang2017\.m2\repository\org\rnorth\duct-tape\duct-tape\1.0.7\duct-tape-1.0.7.jar;C:\Users\chenwang2017\.m2\repository\org\rnorth\visible-assertions\visible-assertions\2.1.0\visible-assertions-2.1.0.jar;C:\Users\chenwang2017\.m2\repository\net\java\dev\jna\jna\4.5.1\jna-4.5.1.jar;C:\Users\chenwang2017\.m2\repository\org\projectlombok\lombok\1.16.20\lombok-1.16.20.jar;C:\Users\chenwang2017\.m2\repository\com\google\code\gson\gson\2.8.2\gson-2.8.2.jar;C:\Users\chenwang2017\.m2\repository\io\springfox\springfox-swagger2\2.9.2\springfox-swagger2-2.9.2.jar;C:\Users\chenwang2017\.m2\repository\io\swagger\swagger-annotations\1.5.20\swagger-annotations-1.5.20.jar;C:\Users\chenwang2017\.m2\repository\io\swagger\swagger-models\1.5.20\swagger-models-1.5.20.jar;C:\Users\chenwang2017\.m2\repository\com\fasterxml\jackson\core\jackson-annotations\2.9.0\jackson-annotations-2.9.0.jar;C:\Users\chenwang2017\.m2\repository\io\springfox\springfox-spi\2.9.2\springfox-spi-2.9.2.jar;C:\Users\chenwang2017\.m2\repository\io\springfox\springfox-core\2.9.2\springfox-core-2.9.2.jar;C:\Users\chenwang2017\.m2\repository\io\springfox\springfox-schema\2.9.2\springfox-schema-2.9.2.jar;C:\Users\chenwang2017\.m2\repository\io\springfox\springfox-swagger-common\2.9.2\springfox-swagger-common-2.9.2.jar;C:\Users\chenwang2017\.m2\repository\io\springfox\springfox-spring-web\2.9.2\springfox-spring-web-2.9.2.jar;C:\Users\chenwang2017\.m2\repository\com\google\guava\guava\20.0\guava-20.0.jar;C:\Users\chenwang2017\.m2\repository\com\fasterxml\classmate\1.3.4\classmate-1.3.4.jar;C:\Users\chenwang2017\.m2\repository\org\springframework\plugin\spring-plugin-core\1.2.0.RELEASE\spring-plugin-core-1.2.0.RELEASE.jar;C:\Users\chenwang2017\.m2\repository\org\springframework\plugin\spring-plugin-metadata\1.2.0.RELEASE\spring-plugin-metadata-1.2.0.RELEASE.jar;C:\Users\chenwang2017\.m2\repository\org\mapstruct\mapstruct\1.2.0.Final\mapstruct-1.2.0.Final.jar;C:\Users\chenwang2017\.m2\repository\io\springfox\springfox-swagger-ui\2.9.2\springfox-swagger-ui-2.9.2.jar;"/>
    <property name="sun.cpu.endian" value="little"/>
    <property name="user.home" value="C:\Users\chenwang2017"/>
    <property name="user.language" value="en"/>
    <property name="java.specification.vendor" value="Oracle Corporation"/>
    <property name="java.home" value="C:\Program Files\Java\jdk1.8.0_131\jre"/>
    <property name="basedir" value="C:\Users\chenwang2017\git\elasticsearch-poc\springboot-mvc-rest-demo"/>
    <property name="file.separator" value="\"/>
    <property name="line.separator" value="&#10;"/>
    <property name="java.vm.specification.vendor" value="Oracle Corporation"/>
    <property name="java.specification.name" value="Java Platform API Specification"/>
    <property name="java.awt.graphicsenv" value="sun.awt.Win32GraphicsEnvironment"/>
    <property name="surefire.real.class.path" value="C:\Users\CHENWA~1\AppData\Local\Temp\surefire3747071138435779591\surefirebooter8623729944795390101.jar"/>
    <property name="sun.boot.class.path" value="C:\Program Files\Java\jdk1.8.0_131\jre\lib\resources.jar;C:\Program Files\Java\jdk1.8.0_131\jre\lib\rt.jar;C:\Program Files\Java\jdk1.8.0_131\jre\lib\sunrsasign.jar;C:\Program Files\Java\jdk1.8.0_131\jre\lib\jsse.jar;C:\Program Files\Java\jdk1.8.0_131\jre\lib\jce.jar;C:\Program Files\Java\jdk1.8.0_131\jre\lib\charsets.jar;C:\Program Files\Java\jdk1.8.0_131\jre\lib\jfr.jar;C:\Program Files\Java\jdk1.8.0_131\jre\classes"/>
    <property name="user.script" value=""/>
    <property name="sun.management.compiler" value="HotSpot 64-Bit Tiered Compilers"/>
    <property name="java.runtime.version" value="1.8.0_131-b11"/>
    <property name="user.name" value="chenwang2017"/>
    <property name="path.separator" value=";"/>
    <property name="os.version" value="6.1"/>
    <property name="java.endorsed.dirs" value="C:\Program Files\Java\jdk1.8.0_131\jre\lib\endorsed"/>
    <property name="java.runtime.name" value="Java(TM) SE Runtime Environment"/>
    <property name="file.encoding" value="Cp1252"/>
    <property name="java.vm.name" value="Java HotSpot(TM) 64-Bit Server VM"/>
    <property name="localRepository" value="C:\Users\chenwang2017\.m2\repository"/>
    <property name="java.vendor.url.bug" value="http://bugreport.sun.com/bugreport/"/>
    <property name="java.io.tmpdir" value="C:\Users\CHENWA~1\AppData\Local\Temp\"/>
    <property name="java.version" value="1.8.0_131"/>
    <property name="user.dir" value="C:\Users\chenwang2017\git\elasticsearch-poc\springboot-mvc-rest-demo"/>
    <property name="os.arch" value="amd64"/>
    <property name="java.vm.specification.name" value="Java Virtual Machine Specification"/>
    <property name="java.awt.printerjob" value="sun.awt.windows.WPrinterJob"/>
    <property name="sun.os.patch.level" value=""/>
    <property name="java.library.path" value="C:\Program Files\Java\jdk1.8.0_131\jre\bin;C:\Windows\Sun\Java\bin;C:\Windows\system32;C:\Windows;C:\ProgramData\Anaconda3\Scripts;C:\gradle-3.5\bin;C:\Python33\;C:\Program Files\Java\jdk1.8.0_131\bin;C:\spark-2.1.0-bin-hadoop2.4\bin;C:\apache-maven-3.5.0\bin;C:\ProgramData\Oracle\Java\javapath;C:\Windows\system32;C:\Windows;C:\Windows\System32\Wbem;C:\Windows\System32\WindowsPowerShell\v1.0\;C:\Program Files\Intel\WiFi\bin\;C:\Program Files\Common Files\Intel\WirelessCommon\;C:\Program Files (x86)\Lenovo\Password Manager\;C:\Program Files (x86)\Skype\Phone\;C:\Program Files\Git\cmd;C:\Program Files (x86)\Lenovo\Access Connections\;C:\Program Files (x86)\sbt\bin;C:\Program Files\PuTTY\;C:\Program Files\Intel\WiFi\bin\;C:\Program Files\Common Files\Intel\WirelessCommon\;."/>
    <property name="java.vm.info" value="mixed mode"/>
    <property name="java.vendor" value="Oracle Corporation"/>
    <property name="java.vm.version" value="25.131-b11"/>
    <property name="java.ext.dirs" value="C:\Program Files\Java\jdk1.8.0_131\jre\lib\ext;C:\Windows\Sun\Java\lib\ext"/>
    <property name="sun.io.unicode.encoding" value="UnicodeLittle"/>
    <property name="java.class.version" value="52.0"/>
  </properties>
  <testcase name="testGetPostById" classname="com.apress.demo.SpringbootMvcRestDemoApplicationTest" time="0.012"/>
  <testcase name="testGetAllPosts" classname="com.apress.demo.SpringbootMvcRestDemoApplicationTest" time="0"/>
  <testcase name="testUpdatePost" classname="com.apress.demo.SpringbootMvcRestDemoApplicationTest" time="0"/>
  <testcase name="testCreatePost" classname="com.apress.demo.SpringbootMvcRestDemoApplicationTest" time="0"/>
</testsuite>